Unity Editor version:    2020.3.25f1 (9b9180224418)
Branch:                  2020.3/staging
Build type:              Release
Batch mode:              YES
macOS version:           Version 11.6 (Build 20G165)
Darwin version:          20.6.0
Architecture:            x86_64
Running under Rosetta:   NO
Available memory:        8192 MB
Using pre-set license
Pro License: NO

COMMAND LINE ARGUMENTS:
/Applications/Unity/Hub/Editor/2020.3.25f1/Unity.app/Contents/MacOS/Unity
-adb2
-batchMode
-noUpm
-name
AssetImportWorker0
-projectPath
/Users/megsummers/Desktop/CART 315/Prototype 2
-logFile
Logs/AssetImportWorker0.log
-srvPort
57838
Successfully changed project path to: /Users/megsummers/Desktop/CART 315/Prototype 2
/Users/megsummers/Desktop/CART 315/Prototype 2
Using Asset Import Pipeline V2.
Refreshing native plugins compatible for Editor in 49.18 ms, found 2 plugins.
Preloading 0 native plugins for Editor in 0.00 ms.
Initialize engine version: 2020.3.25f1 (9b9180224418)
[Subsystems] Discovering subsystems at path /Applications/Unity/Hub/Editor/2020.3.25f1/Unity.app/Contents/Resources/UnitySubsystems
[Subsystems] Discovering subsystems at path /Users/megsummers/Desktop/CART 315/Prototype 2/Assets
GfxDevice: creating device client; threaded=0
2022-02-18 10:58:50.049 Unity[83265:1452398] Color LCD preferred device: Intel(R) Iris(TM) Plus Graphics 645 (low power)
2022-02-18 10:58:50.049 Unity[83265:1452398] Metal devices available: 1
2022-02-18 10:58:50.049 Unity[83265:1452398] 0: Intel(R) Iris(TM) Plus Graphics 645 (low power)
2022-02-18 10:58:50.050 Unity[83265:1452398] Using device Intel(R) Iris(TM) Plus Graphics 645 (low power)
Initializing Metal device caps: Intel(R) Iris(TM) Plus Graphics 645
Initialize mono
Mono path[0] = '/Applications/Unity/Hub/Editor/2020.3.25f1/Unity.app/Contents/Managed'
Mono path[1] = '/Applications/Unity/Hub/Editor/2020.3.25f1/Unity.app/Contents/MonoBleedingEdge/lib/mono/unityjit'
Mono config path = '/Applications/Unity/Hub/Editor/2020.3.25f1/Unity.app/Contents/MonoBleedingEdge/etc'
Using monoOptions --debugger-agent=transport=dt_socket,embedding=1,server=y,suspend=n,address=127.0.0.1:56265
Begin MonoManager ReloadAssembly
Registering precompiled unity dll's ...
Register platform support module: /Applications/Unity/Hub/Editor/2020.3.25f1/Unity.app/Contents/PlaybackEngines/MacStandaloneSupport/UnityEditor.OSXStandalone.Extensions.dll
Registered in 0.001836 seconds.
Native extension for OSXStandalone target not found
Refreshing native plugins compatible for Editor in 49.72 ms, found 2 plugins.
Preloading 0 native plugins for Editor in 0.00 ms.
Mono: successfully reloaded assembly
- Completed reload, in  0.749 seconds
Domain Reload Profiling:
	ReloadAssembly (749ms)
		BeginReloadAssembly (54ms)
			ExecutionOrderSort (0ms)
			DisableScriptedObjects (0ms)
			BackupInstance (0ms)
			ReleaseScriptingObjects (0ms)
			CreateAndSetChildDomain (1ms)
		EndReloadAssembly (599ms)
			LoadAssemblies (54ms)
			RebuildTransferFunctionScriptingTraits (0ms)
			SetupTypeCache (221ms)
			ReleaseScriptCaches (0ms)
			RebuildScriptCaches (46ms)
			SetupLoadedEditorAssemblies (230ms)
				LogAssemblyErrors (0ms)
				InitializePlatformSupportModulesInManaged (5ms)
				SetLoadedEditorAssemblies (0ms)
				RefreshPlugins (50ms)
				BeforeProcessingInitializeOnLoad (9ms)
				ProcessInitializeOnLoadAttributes (125ms)
				ProcessInitializeOnLoadMethodAttributes (40ms)
				AfterProcessingInitializeOnLoad (0ms)
				EditorAssembliesLoaded (0ms)
			ExecutionOrderSort2 (0ms)
			AwakeInstancesAfterBackupRestoration (0ms)
Platform modules already initialized, skipping
Registering precompiled user dll's ...
Registered in 0.005833 seconds.
Begin MonoManager ReloadAssembly
Native extension for OSXStandalone target not found
Refreshing native plugins compatible for Editor in 45.86 ms, found 2 plugins.
Preloading 0 native plugins for Editor in 0.00 ms.
Mono: successfully reloaded assembly
- Completed reload, in  1.513 seconds
Domain Reload Profiling:
	ReloadAssembly (1516ms)
		BeginReloadAssembly (188ms)
			ExecutionOrderSort (0ms)
			DisableScriptedObjects (6ms)
			BackupInstance (0ms)
			ReleaseScriptingObjects (0ms)
			CreateAndSetChildDomain (40ms)
		EndReloadAssembly (1248ms)
			LoadAssemblies (115ms)
			RebuildTransferFunctionScriptingTraits (0ms)
			SetupTypeCache (435ms)
			ReleaseScriptCaches (1ms)
			RebuildScriptCaches (74ms)
			SetupLoadedEditorAssemblies (472ms)
				LogAssemblyErrors (0ms)
				InitializePlatformSupportModulesInManaged (4ms)
				SetLoadedEditorAssemblies (0ms)
				RefreshPlugins (46ms)
				BeforeProcessingInitializeOnLoad (65ms)
				ProcessInitializeOnLoadAttributes (338ms)
				ProcessInitializeOnLoadMethodAttributes (16ms)
				AfterProcessingInitializeOnLoad (2ms)
				EditorAssembliesLoaded (0ms)
			ExecutionOrderSort2 (0ms)
			AwakeInstancesAfterBackupRestoration (7ms)
Platform modules already initialized, skipping
Validating Project structure ... 0.002651 seconds.
Shader import version has changed; will reimport all shaders...
Upgrading shader files ...0.004578 seconds.
Application.AssetDatabase Initial Script Refresh Start
RefreshInfo: InitialScriptRefreshV2(NoUpdateAssetOptions) scanfilter:  ... 1 filters
RefreshProfiler: Total: 0.000ms
Application.AssetDatabase Initial Script Refresh End
Application.AssetDatabase.Refresh Start
Application.AssetDatabase.Refresh End
RefreshInfo: StopAssetImportingV2(ForceSynchronousImport) scanfilter: 
RefreshProfiler: Total: 0.000ms
Launching external process: /Applications/Unity/Hub/Editor/2020.3.25f1/Unity.app/Contents/Tools/UnityShaderCompiler
Launched and connected shader compiler UnityShaderCompiler after 0.02 seconds
Initializing Unity extensions:
========================================================================
Worker process is ready to serve import requests
Refreshing native plugins compatible for Editor in 0.43 ms, found 2 plugins.
Preloading 0 native plugins for Editor in 0.00 ms.
Unloading 2363 Unused Serialized files (Serialized files now loaded: 0)
System memory in use before: 206.7 MB.
System memory in use after: 205.8 MB.

Unloading 156 unused Assets to reduce memory usage. Loaded Objects now: 2839.
Total: 4.479977 ms (FindLiveObjects: 0.220902 ms CreateObjectMapping: 0.163467 ms MarkObjects: 3.509263 ms  DeleteObjects: 0.585121 ms)

AssetImportParameters requested are different than current active one (requested -> active):
  custom:video-decoder-ogg-theora: a1e56fd34408186e4bbccfd4996cb3dc -> 
  custom:container-muxer-webm: aa71ff27fc2769a1b78a27578f13a17b -> 
  custom:container-demuxer-webm: 4f35f7cbe854078d1ac9338744f61a02 -> 
  custom:container-demuxer-ogg: 62fdf1f143b41e24485cea50d1cbac27 -> 
  custom:video-encoder-webm-vp8: eb34c28f22e8b96e1ab97ce403110664 -> 
  custom:framework-osx-AVFoundation: e770b220cccbd017edd2c1fefb359320 -> 
  custom:video-decoder-webm-vp8: 9c59270c3fd7afecdb556c50c9e8de78 -> 
  custom:audio-decoder-ogg-vorbis: bf7c407c2cedff20999df2af8eb42d56 -> 
  custom:audio-encoder-webm-vorbis: bf7c407c2cedff20999df2af8eb42d56 -> 
========================================================================
Received Import Request.
  path: Assets/StarterAssets/Crystal clump.prefab
  artifactKey: Guid(69448210408434a6b8156fdf7a172265) Importer(815301076,1909f56bfc062723c751e8b465ee728b)
Start importing Assets/StarterAssets/Crystal clump.prefab using Guid(69448210408434a6b8156fdf7a172265) Importer(815301076,1909f56bfc062723c751e8b465ee728b)  -> (artifact id: 'c39b1e7f67f22be21fe5debc6a662eef') in 1.335910 seconds 
  Import took 1.343878 seconds .

========================================================================
Received Import Request.
  Time since last request: 2.569833 seconds.
  path: Assets/Crystal clump.prefab
  artifactKey: Guid(5cf882877713248df8198192bf4122a5) Importer(815301076,1909f56bfc062723c751e8b465ee728b)
Start importing Assets/Crystal clump.prefab using Guid(5cf882877713248df8198192bf4122a5) Importer(815301076,1909f56bfc062723c751e8b465ee728b)  -> (artifact id: '7eff09fb584ada7481786b31fa45aabf') in 0.011839 seconds 
  Import took 0.018284 seconds .

========================================================================
Received Import Request.
  Time since last request: 258.280705 seconds.
  path: Assets/Rock clump.prefab
  artifactKey: Guid(a322a2ccbe54f4ede8fea6189a05e5c8) Importer(815301076,1909f56bfc062723c751e8b465ee728b)
Start importing Assets/Rock clump.prefab using Guid(a322a2ccbe54f4ede8fea6189a05e5c8) Importer(815301076,1909f56bfc062723c751e8b465ee728b)  -> (artifact id: 'a15e8afb200c87bac7dfc03635f54d0f') in 0.009996 seconds 
  Import took 0.014864 seconds .

========================================================================
Received Import Request.
  Time since last request: 359.124250 seconds.
  path: Assets/Stalagtite.prefab
  artifactKey: Guid(30e360eb1b70c4a95842b778276aaaa9) Importer(815301076,1909f56bfc062723c751e8b465ee728b)
Start importing Assets/Stalagtite.prefab using Guid(30e360eb1b70c4a95842b778276aaaa9) Importer(815301076,1909f56bfc062723c751e8b465ee728b)  -> (artifact id: '11fb0d012d37572c54c1f3f7944a682f') in 0.008000 seconds 
  Import took 0.012797 seconds .

